2025-10-15 14:05:06,235 - INFO - Uygulama baþlatýlýyor...
2025-10-15 14:05:06,240 - INFO - Worker thread'inde LPR motoru yükleniyor (C:/Users/Win11/PycharmProjects/Plate/plate2/best.pt)...
2025-10-15 14:05:06,384 - WARNING - Neither CUDA nor MPS are available - defaulting to CPU. Note: This module is much faster with a GPU.
2025-10-15 14:05:06,530 - WARNING - Downloading recognition model, please wait. This may take several minutes depending upon your network connection.
2025-10-15 14:05:07,951 - INFO - Download complete.
2025-10-15 14:05:08,963 - INFO - LPR motoru baþarýyla yüklendi.
2025-10-15 14:05:10,780 - INFO - [giris] Stream baþlatýldý: 0
2025-10-15 14:05:11,007 - INFO - [giris] 30 saniye geçti, plaka taramasý yapýlýyor...
2025-10-15 14:05:12,047 - INFO - [giris] 30 saniye geçti, plaka taramasý yapýlýyor...
2025-10-15 14:05:13,090 - INFO - [giris] 30 saniye geçti, plaka taramasý yapýlýyor...
2025-10-15 14:05:14,134 - INFO - [giris] 30 saniye geçti, plaka taramasý yapýlýyor...
2025-10-15 14:05:15,156 - INFO - [giris] 30 saniye geçti, plaka taramasý yapýlýyor...
2025-10-15 14:05:16,157 - INFO - [giris] 30 saniye geçti, plaka taramasý yapýlýyor...
2025-10-15 14:05:17,193 - INFO - [giris] 30 saniye geçti, plaka taramasý yapýlýyor...
2025-10-15 14:05:18,232 - INFO - [giris] 30 saniye geçti, plaka taramasý yapýlýyor...
2025-10-15 14:05:19,260 - INFO - [giris] 30 saniye geçti, plaka taramasý yapýlýyor...
2025-10-15 14:05:20,283 - INFO - [giris] 30 saniye geçti, plaka taramasý yapýlýyor...
2025-10-15 14:05:21,317 - INFO - [giris] 30 saniye geçti, plaka taramasý yapýlýyor...
2025-10-15 14:05:22,252 - INFO - [giris] Stream durduruldu.
2025-10-15 14:05:33,183 - INFO - Uygulama kapatýlýyor...
2025-10-15 14:05:33,183 - INFO - [giris] Stream durduruldu.
2025-10-15 14:05:33,183 - INFO - [cikis] Stream durduruldu.
2025-10-15 14:06:56,775 - INFO - Uygulama baþlatýlýyor...
2025-10-15 14:06:56,871 - INFO - Worker thread'inde LPR motoru yükleniyor (C:/Users/Win11/PycharmProjects/Plate/plate2/best.pt)...
2025-10-15 14:06:56,931 - WARNING - Neither CUDA nor MPS are available - defaulting to CPU. Note: This module is much faster with a GPU.
2025-10-15 14:06:58,212 - INFO - LPR motoru baþarýyla yüklendi.
2025-10-15 14:06:59,761 - INFO - [giris] Stream baþlatýldý: 0
2025-10-15 14:06:59,995 - INFO - [giris] 30 saniye geçti, plaka taramasý yapýlýyor...
2025-10-15 14:07:00,511 - INFO - [giris] Plaka bulundu: [('MPDBIO1DT1PTZ', [184, 268, 436, 307])] (0.515 saniye)
2025-10-15 14:07:00,521 - INFO - API isteði hazýrlanýyor: URL='http://plate.pikselanalitik.com/api/log_event.php', Payload={'plate': 'MPDBIO1DT1PTZ', 'gate': 'giris'}
2025-10-15 14:07:00,744 - INFO - API Cevabý: Durum Kodu=200
2025-10-15 14:07:00,996 - INFO - [giris] 30 saniye geçti, plaka taramasý yapýlýyor...
2025-10-15 14:07:01,205 - INFO - [giris] Plaka bulundu: [('D4EA2525', [269, 297, 371, 326])] (0.207 saniye)
2025-10-15 14:07:01,211 - INFO - API isteði hazýrlanýyor: URL='http://plate.pikselanalitik.com/api/log_event.php', Payload={'plate': 'D4EA2525', 'gate': 'giris'}
2025-10-15 14:07:01,515 - INFO - API Cevabý: Durum Kodu=200
2025-10-15 14:07:02,018 - INFO - [giris] 30 saniye geçti, plaka taramasý yapýlýyor...
2025-10-15 14:07:02,227 - INFO - [giris] Plaka bulundu: [('D4EA2525', [269, 297, 371, 326])] (0.208 saniye)
2025-10-15 14:07:02,233 - INFO - API isteði hazýrlanýyor: URL='http://plate.pikselanalitik.com/api/log_event.php', Payload={'plate': 'D4EA2525', 'gate': 'giris'}
2025-10-15 14:07:02,467 - INFO - API Cevabý: Durum Kodu=200
2025-10-15 14:07:03,046 - INFO - [giris] 30 saniye geçti, plaka taramasý yapýlýyor...
2025-10-15 14:07:03,250 - INFO - [giris] Plaka bulundu: [('D4EA2525', [269, 297, 371, 326])] (0.204 saniye)
2025-10-15 14:07:03,257 - INFO - API isteði hazýrlanýyor: URL='http://plate.pikselanalitik.com/api/log_event.php', Payload={'plate': 'D4EA2525', 'gate': 'giris'}
2025-10-15 14:07:03,548 - INFO - API Cevabý: Durum Kodu=200
2025-10-15 14:07:04,079 - INFO - [giris] 30 saniye geçti, plaka taramasý yapýlýyor...
2025-10-15 14:07:04,279 - INFO - [giris] Plaka bulundu: [('34EA2525', [270, 298, 371, 326])] (0.200 saniye)
2025-10-15 14:07:04,286 - INFO - API isteði hazýrlanýyor: URL='http://plate.pikselanalitik.com/api/log_event.php', Payload={'plate': '34EA2525', 'gate': 'giris'}
2025-10-15 14:07:04,523 - INFO - API Cevabý: Durum Kodu=200
2025-10-15 14:07:05,083 - INFO - [giris] 30 saniye geçti, plaka taramasý yapýlýyor...
2025-10-15 14:07:05,286 - INFO - [giris] Plaka bulundu: [('D4EA2525', [269, 297, 371, 326])] (0.202 saniye)
2025-10-15 14:07:05,293 - INFO - API isteði hazýrlanýyor: URL='http://plate.pikselanalitik.com/api/log_event.php', Payload={'plate': 'D4EA2525', 'gate': 'giris'}
2025-10-15 14:07:05,577 - INFO - API Cevabý: Durum Kodu=200
2025-10-15 14:07:06,123 - INFO - [giris] 30 saniye geçti, plaka taramasý yapýlýyor...
2025-10-15 14:07:06,333 - INFO - [giris] Plaka bulundu: [('04E2525', [269, 297, 371, 325])] (0.208 saniye)
2025-10-15 14:07:06,338 - INFO - API isteði hazýrlanýyor: URL='http://plate.pikselanalitik.com/api/log_event.php', Payload={'plate': '04E2525', 'gate': 'giris'}
2025-10-15 14:07:06,642 - INFO - API Cevabý: Durum Kodu=200
2025-10-15 14:07:07,142 - INFO - [giris] 30 saniye geçti, plaka taramasý yapýlýyor...
2025-10-15 14:07:07,361 - INFO - [giris] Plaka bulundu: [('04E2525', [269, 297, 371, 325])] (0.217 saniye)
2025-10-15 14:07:07,367 - INFO - API isteði hazýrlanýyor: URL='http://plate.pikselanalitik.com/api/log_event.php', Payload={'plate': '04E2525', 'gate': 'giris'}
2025-10-15 14:07:07,641 - INFO - API Cevabý: Durum Kodu=200
2025-10-15 14:07:08,177 - INFO - [giris] 30 saniye geçti, plaka taramasý yapýlýyor...
2025-10-15 14:07:08,386 - INFO - [giris] Plaka bulundu: [('04EA2525', [269, 297, 371, 325])] (0.207 saniye)
2025-10-15 14:07:08,393 - INFO - API isteði hazýrlanýyor: URL='http://plate.pikselanalitik.com/api/log_event.php', Payload={'plate': '04EA2525', 'gate': 'giris'}
2025-10-15 14:07:08,620 - INFO - API Cevabý: Durum Kodu=200
2025-10-15 14:07:09,211 - INFO - [giris] 30 saniye geçti, plaka taramasý yapýlýyor...
2025-10-15 14:07:09,419 - INFO - [giris] Plaka bulundu: [('34EA2525', [269, 297, 371, 325])] (0.207 saniye)
2025-10-15 14:07:09,426 - INFO - API isteði hazýrlanýyor: URL='http://plate.pikselanalitik.com/api/log_event.php', Payload={'plate': '34EA2525', 'gate': 'giris'}
2025-10-15 14:07:09,714 - INFO - API Cevabý: Durum Kodu=200
2025-10-15 14:07:10,236 - INFO - [giris] 30 saniye geçti, plaka taramasý yapýlýyor...
2025-10-15 14:07:10,445 - INFO - [giris] Plaka bulundu: [('04EA2525', [269, 297, 371, 325])] (0.208 saniye)
2025-10-15 14:07:10,451 - INFO - API isteði hazýrlanýyor: URL='http://plate.pikselanalitik.com/api/log_event.php', Payload={'plate': '04EA2525', 'gate': 'giris'}
2025-10-15 14:07:10,712 - INFO - API Cevabý: Durum Kodu=200
2025-10-15 14:07:11,269 - INFO - [giris] 30 saniye geçti, plaka taramasý yapýlýyor...
2025-10-15 14:07:11,475 - INFO - [giris] Plaka bulundu: [('04EA2525', [269, 297, 371, 325])] (0.205 saniye)
2025-10-15 14:07:11,481 - INFO - API isteði hazýrlanýyor: URL='http://plate.pikselanalitik.com/api/log_event.php', Payload={'plate': '04EA2525', 'gate': 'giris'}
2025-10-15 14:07:11,698 - INFO - API Cevabý: Durum Kodu=200
2025-10-15 14:07:12,297 - INFO - [giris] 30 saniye geçti, plaka taramasý yapýlýyor...
2025-10-15 14:07:12,500 - INFO - [giris] Plaka bulundu: [('04EA2525', [268, 297, 371, 325])] (0.201 saniye)
2025-10-15 14:07:12,506 - INFO - API isteði hazýrlanýyor: URL='http://plate.pikselanalitik.com/api/log_event.php', Payload={'plate': '04EA2525', 'gate': 'giris'}
2025-10-15 14:07:12,788 - INFO - API Cevabý: Durum Kodu=200
2025-10-15 14:07:13,338 - INFO - [giris] 30 saniye geçti, plaka taramasý yapýlýyor...
2025-10-15 14:07:13,545 - INFO - [giris] Plaka bulundu: [('04EA2525', [269, 297, 371, 325])] (0.206 saniye)
2025-10-15 14:07:13,551 - INFO - API isteði hazýrlanýyor: URL='http://plate.pikselanalitik.com/api/log_event.php', Payload={'plate': '04EA2525', 'gate': 'giris'}
2025-10-15 14:07:13,764 - INFO - API Cevabý: Durum Kodu=200
2025-10-15 14:07:14,374 - INFO - [giris] 30 saniye geçti, plaka taramasý yapýlýyor...
2025-10-15 14:07:14,584 - INFO - [giris] Plaka bulundu: [('04EA2525', [269, 297, 371, 325])] (0.209 saniye)
2025-10-15 14:07:14,591 - INFO - API isteði hazýrlanýyor: URL='http://plate.pikselanalitik.com/api/log_event.php', Payload={'plate': '04EA2525', 'gate': 'giris'}
2025-10-15 14:07:14,960 - INFO - API Cevabý: Durum Kodu=200
2025-10-15 14:07:15,406 - INFO - [giris] 30 saniye geçti, plaka taramasý yapýlýyor...
2025-10-15 14:07:15,612 - INFO - [giris] Plaka bulundu: [('04EA2525', [269, 297, 371, 325])] (0.205 saniye)
2025-10-15 14:07:15,618 - INFO - API isteði hazýrlanýyor: URL='http://plate.pikselanalitik.com/api/log_event.php', Payload={'plate': '04EA2525', 'gate': 'giris'}
2025-10-15 14:07:15,961 - INFO - API Cevabý: Durum Kodu=200
2025-10-15 14:07:16,424 - INFO - [giris] 30 saniye geçti, plaka taramasý yapýlýyor...
2025-10-15 14:07:16,634 - INFO - [giris] Plaka bulundu: [('04EA2525', [269, 297, 371, 325])] (0.210 saniye)
2025-10-15 14:07:16,641 - INFO - API isteði hazýrlanýyor: URL='http://plate.pikselanalitik.com/api/log_event.php', Payload={'plate': '04EA2525', 'gate': 'giris'}
2025-10-15 14:07:30,775 - INFO - Uygulama baþlatýlýyor...
2025-10-15 14:07:30,779 - INFO - Worker thread'inde LPR motoru yükleniyor (C:/Users/Win11/PycharmProjects/Plate/plate2/best.pt)...
2025-10-15 14:07:30,927 - WARNING - Neither CUDA nor MPS are available - defaulting to CPU. Note: This module is much faster with a GPU.
2025-10-15 14:07:32,128 - INFO - LPR motoru baþarýyla yüklendi.
2025-10-15 14:07:33,184 - INFO - [giris] Stream baþlatýldý: 0
2025-10-15 14:07:33,397 - INFO - [giris] 30 saniye geçti, plaka taramasý yapýlýyor...
2025-10-15 14:07:33,921 - INFO - [giris] Plaka bulundu: [('MPDBIO1DT1PTZ', [184, 268, 436, 307])] (0.524 saniye)
2025-10-15 14:07:33,926 - INFO - API isteði hazýrlanýyor: URL='http://plate.pikselanalitik.com/api/log_event.php', Payload={'plate': 'MPDBIO1DT1PTZ', 'gate': 'giris'}
2025-10-15 14:07:34,202 - INFO - API Cevabý: Durum Kodu=200
2025-10-15 14:07:48,404 - INFO - [giris] 30 saniye geçti, plaka taramasý yapýlýyor...
2025-10-15 14:07:48,617 - INFO - [giris] Plaka bulundu: [('34EA2525', [270, 297, 371, 325])] (0.209 saniye)
2025-10-15 14:07:48,623 - INFO - API isteði hazýrlanýyor: URL='http://plate.pikselanalitik.com/api/log_event.php', Payload={'plate': '34EA2525', 'gate': 'giris'}
2025-10-15 14:07:48,967 - INFO - API Cevabý: Durum Kodu=200
2025-10-15 14:07:51,955 - INFO - [giris] Stream durduruldu.
2025-10-15 14:07:52,791 - INFO - Uygulama kapatýlýyor...
2025-10-15 14:07:52,791 - INFO - [giris] Stream durduruldu.
2025-10-15 14:07:52,792 - INFO - [cikis] Stream durduruldu.
